Arguments: 
  /Users/martinallgood/.nvm/versions/node/v9.4.0/bin/node /usr/local/Cellar/yarn/1.6.0/libexec/bin/yarn.js

PATH: 
  /Users/martinallgood/.nvm/versions/node/v9.4.0/bin:/Users/martinallgood/bin:/usr/local/bin:/usr/local/bin:/usr/bin:/bin:/usr/sbin:/sbin

Yarn version: 
  1.6.0

Node version: 
  9.4.0

Platform: 
  darwin x64

Trace: 
  SyntaxError: /Users/martinallgood/development/vue-js-hackathon/package.json: Unexpected token < in JSON at position 202
      at JSON.parse (<anonymous>)
      at /usr/local/Cellar/yarn/1.6.0/libexec/lib/cli.js:1130:59
      at Generator.next (<anonymous>)
      at step (/usr/local/Cellar/yarn/1.6.0/libexec/lib/cli.js:98:30)
      at /usr/local/Cellar/yarn/1.6.0/libexec/lib/cli.js:109:13
      at <anonymous>

npm manifest: 
  {
    "scripts": {
      "start:client": "vue-cli-service serve --open"
    },
    "dependencies": {
      "axios": "^0.18.0",
      "bulma": "^0.7.1",
      "dotenv": "^6.0.0",
      "eslint-plugin-react": "^7.10.0",
  <<<<<<< HEAD
      "node-sass": "^4.9.2",
      "sass-loader": "^7.0.3",
  =======
      "request-promise": "^4.2.2",
  >>>>>>> development
      "vue": "^2.5.16",
      "vue-router": "^3.0.1"
    },
    "devDependencies": {
      "@vue/cli-plugin-babel": "^3.0.0-beta.9",
      "@vue/cli-plugin-eslint": "^3.0.0-beta.9",
      "@vue/cli-service": "^3.0.0-beta.9",
      "eslint-loader": "^2.0.0",
      "vue-template-compiler": "^2.5.13"
    },
    "babel": {
      "presets": [
        "@vue/app"
      ]
    },
    "postcss": {
      "plugins": {
        "autoprefixer": {}
      }
    },
    "browserslist": [
      "> 1%",
      "last 2 versions",
      "not ie <= 8"
    ]
  }

yarn manifest: 
  No manifest

Lockfile: 
  No lockfile
